"../../../Engine/Content/EditorBlueprintResources/StandardMacros.uasset" 0
"../../../../../../Users/elkar/OneDrive/Desktop/unreal games/Devastation/Content/Devastation/Sprites/Healthbar.uasset" 1
"../../../../../../Users/elkar/OneDrive/Desktop/unreal games/Devastation/Content/Devastation/Sprites/stam.uasset" 2
"../../../../../../Users/elkar/OneDrive/Desktop/unreal games/Devastation/Content/Devastation/Sprites/stam2.uasset" 3
"../../../../../../Users/elkar/OneDrive/Desktop/unreal games/Devastation/Content/Devastation/Sprites/Untitled.uasset" 4
"../../../../../../Users/elkar/OneDrive/Desktop/unreal games/Devastation/Content/Devastation/HUD/Health.uasset" 5
"../../../../../../Users/elkar/OneDrive/Desktop/unreal games/Devastation/Content/2DSideScrollerBP/Blueprints/2DSideScrollerGameMode.uasset" 6
"../../../../../../Users/elkar/OneDrive/Desktop/unreal games/Devastation/Content/2DSideScroller/Sprites/Fireball/FireBall1_Sprite.uasset" 7
"../../../../../../Users/elkar/OneDrive/Desktop/unreal games/Devastation/Content/2DSideScroller/Sprites/Fireball/Fireball2_Sprite.uasset" 8
"../../../../../../Users/elkar/OneDrive/Desktop/unreal games/Devastation/Content/2DSideScroller/Sprites/Fireball/Fireball_Flipbook.uasset" 9
"../../../../../../Users/elkar/OneDrive/Desktop/unreal games/Devastation/Content/2DSideScrollerBP/Blueprints/Fireball_BP.uasset" 10
"../../../../../../Users/elkar/OneDrive/Desktop/unreal games/Devastation/Content/2DSideScroller/Sprites/Bee1_Sprite.uasset" 11
"../../../../../../Users/elkar/OneDrive/Desktop/unreal games/Devastation/Content/2DSideScroller/Sprites/Bee2_Sprite.uasset" 12
"../../../../../../Users/elkar/OneDrive/Desktop/unreal games/Devastation/Content/2DSideScroller/Sprites/Bee_Flipbook.uasset" 13
"../../../../../../Users/elkar/OneDrive/Desktop/unreal games/Devastation/Content/2DSideScrollerBP/Blueprints/BeeCharacter_BP.uasset" 14
"../../../../../../Users/elkar/OneDrive/Desktop/unreal games/Devastation/Content/2DSideScroller/Textures/CowFAttack1.uasset" 15
"../../../../../../Users/elkar/OneDrive/Desktop/unreal games/Devastation/Content/2DSideScroller/Sprites/COw/CowFAttack1_Sprite.uasset" 16
"../../../../../../Users/elkar/OneDrive/Desktop/unreal games/Devastation/Content/2DSideScroller/Textures/CowFAttack2.uasset" 17
"../../../../../../Users/elkar/OneDrive/Desktop/unreal games/Devastation/Content/2DSideScroller/Sprites/COw/CowFAttack2_Sprite.uasset" 18
"../../../../../../Users/elkar/OneDrive/Desktop/unreal games/Devastation/Content/2DSideScroller/Textures/CowFAttack3.uasset" 19
"../../../../../../Users/elkar/OneDrive/Desktop/unreal games/Devastation/Content/2DSideScroller/Sprites/COw/CowFAttack3_Sprite.uasset" 20
"../../../../../../Users/elkar/OneDrive/Desktop/unreal games/Devastation/Content/2DSideScroller/Sprites/COw/CowfAttack_Flipbook1.uasset" 21
"../../../../../../Users/elkar/OneDrive/Desktop/unreal games/Devastation/Content/2DSideScroller/Textures/CowFNeutral.uasset" 22
"../../../../../../Users/elkar/OneDrive/Desktop/unreal games/Devastation/Content/2DSideScroller/Sprites/COw/CowFNeutral_Sprite.uasset" 23
"../../../../../../Users/elkar/OneDrive/Desktop/unreal games/Devastation/Content/2DSideScroller/Sprites/COw/CowFNeutral_Flipbook1.uasset" 24
"../../../../../../Users/elkar/OneDrive/Desktop/unreal games/Devastation/Content/2DSideScrollerBP/Blueprints/CowFCharacter_BP.uasset" 25
"../../../../../../Users/elkar/OneDrive/Desktop/unreal games/Devastation/Content/2DSideScroller/Textures/CowMAttack1.uasset" 26
"../../../../../../Users/elkar/OneDrive/Desktop/unreal games/Devastation/Content/2DSideScroller/Sprites/COw/CowMAttack1_Sprite.uasset" 27
"../../../../../../Users/elkar/OneDrive/Desktop/unreal games/Devastation/Content/2DSideScroller/Textures/CowMAttack2.uasset" 28
"../../../../../../Users/elkar/OneDrive/Desktop/unreal games/Devastation/Content/2DSideScroller/Sprites/COw/CowMAttack2_Sprite.uasset" 29
"../../../../../../Users/elkar/OneDrive/Desktop/unreal games/Devastation/Content/2DSideScroller/Textures/CowMAttack3.uasset" 30
"../../../../../../Users/elkar/OneDrive/Desktop/unreal games/Devastation/Content/2DSideScroller/Sprites/COw/CowMAttack3_Sprite.uasset" 31
"../../../../../../Users/elkar/OneDrive/Desktop/unreal games/Devastation/Content/2DSideScroller/Sprites/COw/CowMAttack_Flipbook.uasset" 32
"../../../../../../Users/elkar/OneDrive/Desktop/unreal games/Devastation/Content/2DSideScroller/Textures/CowMNeutral.uasset" 33
"../../../../../../Users/elkar/OneDrive/Desktop/unreal games/Devastation/Content/2DSideScroller/Sprites/COw/CowMNeutral_Sprite.uasset" 34
"../../../../../../Users/elkar/OneDrive/Desktop/unreal games/Devastation/Content/2DSideScroller/Sprites/COw/CowMNeutral_Flipbook.uasset" 35
"../../../../../../Users/elkar/OneDrive/Desktop/unreal games/Devastation/Content/2DSideScrollerBP/Blueprints/CowMCharacter_BP.uasset" 36
"../../../../../../Users/elkar/OneDrive/Desktop/unreal games/Devastation/Content/2DSideScroller/Sprites/Platform1_Sprite.uasset" 37
"../../../../../../Users/elkar/OneDrive/Desktop/unreal games/Devastation/Content/2DSideScroller/Sprites/Platform2_Sprite.uasset" 38
"../../../../../../Users/elkar/OneDrive/Desktop/unreal games/Devastation/Content/2DSideScroller/Sprites/Platform3_Sprite.uasset" 39
"../../../../../../Users/elkar/OneDrive/Desktop/unreal games/Devastation/Content/2DSideScroller/Sprites/Platform_Flipbook.uasset" 40
"../../../../../../Users/elkar/OneDrive/Desktop/unreal games/Devastation/Content/2DSideScroller/Sprites/platform_Sprite.uasset" 41
"../../../../../../Users/elkar/OneDrive/Desktop/unreal games/Devastation/Content/2DSideScrollerBP/Blueprints/Platform_BP.uasset" 42
"../../../../../../Users/elkar/OneDrive/Desktop/unreal games/Devastation/Content/2DSideScroller/Textures/GuyAttack1.uasset" 43
"../../../../../../Users/elkar/OneDrive/Desktop/unreal games/Devastation/Content/2DSideScroller/Sprites/Guy/GuyAttack1_Sprite.uasset" 44
"../../../../../../Users/elkar/OneDrive/Desktop/unreal games/Devastation/Content/2DSideScroller/Textures/GuyAttack2.uasset" 45
"../../../../../../Users/elkar/OneDrive/Desktop/unreal games/Devastation/Content/2DSideScroller/Sprites/Guy/GuyAttack2_Sprite.uasset" 46
"../../../../../../Users/elkar/OneDrive/Desktop/unreal games/Devastation/Content/2DSideScroller/Textures/GuyAttack3.uasset" 47
"../../../../../../Users/elkar/OneDrive/Desktop/unreal games/Devastation/Content/2DSideScroller/Sprites/Guy/GuyAttack3_Sprite.uasset" 48
"../../../../../../Users/elkar/OneDrive/Desktop/unreal games/Devastation/Content/2DSideScroller/Sprites/Guy/Attack_Flipbook.uasset" 49
"../../../../../../Users/elkar/OneDrive/Desktop/unreal games/Devastation/Content/2DSideScroller/Materials/Sprite_Mat.uasset" 50
"../../../../../../Users/elkar/OneDrive/Desktop/unreal games/Devastation/Content/2DSideScroller/Textures/GuyLLF.uasset" 51
"../../../../../../Users/elkar/OneDrive/Desktop/unreal games/Devastation/Content/2DSideScroller/Sprites/Guy/GuyLLF_Sprite.uasset" 52
"../../../../../../Users/elkar/OneDrive/Desktop/unreal games/Devastation/Content/2DSideScroller/Textures/GuyRLF.uasset" 53
"../../../../../../Users/elkar/OneDrive/Desktop/unreal games/Devastation/Content/2DSideScroller/Sprites/Guy/GuyRLF_Sprite.uasset" 54
"../../../../../../Users/elkar/OneDrive/Desktop/unreal games/Devastation/Content/2DSideScroller/Sprites/Guy/Guy_Flipbook.uasset" 55
"../../../../../../Users/elkar/OneDrive/Desktop/unreal games/Devastation/Content/2DSideScroller/Sprites/Guy/idle.uasset" 56
"../../../../../../Users/elkar/OneDrive/Desktop/unreal games/Devastation/Content/2DSideScroller/Textures/GuyJump.uasset" 57
"../../../../../../Users/elkar/OneDrive/Desktop/unreal games/Devastation/Content/2DSideScroller/Sprites/Guy/GuyJump_Sprite.uasset" 58
"../../../../../../Users/elkar/OneDrive/Desktop/unreal games/Devastation/Content/2DSideScroller/Sprites/Guy/Jump.uasset" 59
"../../../../../../Users/elkar/OneDrive/Desktop/unreal games/Devastation/Content/2DSideScroller/Textures/Platform1.uasset" 60
"../../../../../../Users/elkar/OneDrive/Desktop/unreal games/Devastation/Content/Devastation/HUD/platform.uasset" 61
"../../../../../../Users/elkar/OneDrive/Desktop/unreal games/Devastation/Content/2DSideScrollerBP/Blueprints/2DSideScrollerCharacter.uasset" 62
"../../../../../../Users/elkar/OneDrive/Desktop/unreal games/Devastation/Content/2DSideScroller/Sprites/Trees/BurntTreeHiveRight_Sprite.uasset" 63
"../../../../../../Users/elkar/OneDrive/Desktop/unreal games/Devastation/Content/2DSideScroller/Sprites/Trees/TFHRa1_Sprite.uasset" 64
"../../../../../../Users/elkar/OneDrive/Desktop/unreal games/Devastation/Content/2DSideScroller/Sprites/Trees/TFHRa2_Sprite.uasset" 65
"../../../../../../Users/elkar/OneDrive/Desktop/unreal games/Devastation/Content/2DSideScroller/Sprites/Trees/TreeFireRightHiveA_Flipbook4.uasset" 66
"../../../../../../Users/elkar/OneDrive/Desktop/unreal games/Devastation/Content/2DSideScroller/Sprites/Trees/TFHRb1_Sprite.uasset" 67
"../../../../../../Users/elkar/OneDrive/Desktop/unreal games/Devastation/Content/2DSideScroller/Sprites/Trees/TFHRb2_Sprite.uasset" 68
"../../../../../../Users/elkar/OneDrive/Desktop/unreal games/Devastation/Content/2DSideScroller/Sprites/Trees/TreeFireRightHiveB_Flipbook5.uasset" 69
"../../../../../../Users/elkar/OneDrive/Desktop/unreal games/Devastation/Content/2DSideScroller/Sprites/Trees/TreeHiveRight_Sprite.uasset" 70
"../../../../../../Users/elkar/OneDrive/Desktop/unreal games/Devastation/Content/2DSideScrollerBP/Blueprints/TreeHiveRight_BP.uasset" 71
"../../../Engine/Content/Functions/Engine_MaterialFunctions01/Opacity/CameraDepthFade.uasset" 72
"../../../Engine/Content/EngineMaterials/T_Default_Material_Grid_M.uasset" 73
"../../../Engine/Content/EngineMaterials/T_Default_Material_Grid_N.uasset" 74
"../../../Engine/Content/EngineMaterials/WorldGridMaterial.uasset" 75
"../../../Engine/Content/ArtTools/RenderToTexture/Meshes/S_1_Unit_Plane.uasset" 76
"../../../Engine/Content/EngineMaterials/DefaultMaterial.uasset" 77
"../../../Engine/Content/BasicShapes/Cone.uasset" 78
"../../../Engine/Content/BasicShapes/Cube.uasset" 79
"../../../Engine/Content/BasicShapes/Cylinder.uasset" 80
"../../../Engine/Content/BasicShapes/Plane.uasset" 81
"../../../Engine/Content/BasicShapes/Sphere.uasset" 82
"../../../Engine/Content/EngineMaterials/DefaultPhysicalMaterial.uasset" 83
"../../../Engine/Content/BufferVisualization/AmbientOcclusion.uasset" 84
"../../../Engine/Content/BufferVisualization/BaseColor.uasset" 85
"../../../Engine/Content/BufferVisualization/CustomDepth.uasset" 86
"../../../Engine/Content/Functions/Engine_MaterialFunctions02/Utility/VectorLength.uasset" 87
"../../../Engine/Content/BufferVisualization/CustomDepthWorldUnits.uasset" 88
"../../../Engine/Content/Functions/Engine_MaterialFunctions02/Utility/BreakOutFloat2Components.uasset" 89
"../../../Engine/Content/Functions/Engine_MaterialFunctions01/Texturing/ScaleUVsByCenter.uasset" 90
"../../../Engine/Content/Functions/Engine_MaterialFunctions02/ScreenResolution.uasset" 91
"../../../Engine/Content/Functions/Engine_MaterialFunctions02/Texturing/ScreenAlignedUVs.uasset" 92
"../../../Engine/Content/Functions/Engine_MaterialFunctions02/Utility/MakeFloat2.uasset" 93
"../../../Engine/Content/Functions/Engine_MaterialFunctions02/Utility/MakeFloat3.uasset" 94
"../../../Engine/Content/EngineMaterials/MiniFont.uasset" 95
"../../../Engine/Content/BufferVisualization/CustomStencil.uasset" 96
"../../../Engine/Content/BufferVisualization/FinalImage.uasset" 97
"../../../Engine/Content/BufferVisualization/LightingModel.uasset" 98
"../../../Engine/Content/BufferVisualization/MaterialAO.uasset" 99
"../../../Engine/Content/BufferVisualization/Metallic.uasset" 100
"../../../Engine/Content/BufferVisualization/Opacity.uasset" 101
"../../../Engine/Content/BufferVisualization/PostTonemapHDRColor.uasset" 102
"../../../Engine/Content/BufferVisualization/PreTonemapHDRColor.uasset" 103
"../../../Engine/Content/BufferVisualization/Roughness.uasset" 104
"../../../Engine/Content/BufferVisualization/SceneColor.uasset" 105
"../../../Engine/Content/BufferVisualization/SceneDepth.uasset" 106
"../../../Engine/Content/BufferVisualization/SceneDepthWorldUnits.uasset" 107
"../../../Engine/Content/BufferVisualization/SeparateTranslucencyA.uasset" 108
"../../../Engine/Content/BufferVisualization/SeparateTranslucencyRGB.uasset" 109
"../../../Engine/Content/BufferVisualization/Specular.uasset" 110
"../../../Engine/Content/BufferVisualization/SubsurfaceColor.uasset" 111
"../../../Engine/Content/BufferVisualization/Velocity.uasset" 112
"../../../Engine/Content/BufferVisualization/WorldNormal.uasset" 113
"../../../Engine/Content/EditorBlueprintResources/ActorMacros.uasset" 114
"../../../Engine/Content/EditorLandscapeResources/DataLayer.uasset" 115
"../../../Engine/Content/EditorLandscapeResources/DefaultAlphaTexture.uasset" 116
"../../../Engine/Content/EditorLandscapeResources/LandscapeGizmoHeight_Mat.uasset" 117
"../../../Engine/Content/EditorLandscapeResources/LandscapeGizmo_Mat.uasset" 118
"../../../Engine/Content/EditorLandscapeResources/LandscapeGizmo_Mat_Copied.uasset" 119
"../../../Engine/Content/EditorLandscapeResources/SplineEditorMeshMat.uasset" 120
"../../../Engine/Content/EditorLandscapeResources/SplineEditorMesh.uasset" 121
"../../../Engine/Content/EditorMaterials/Cross.uasset" 122
"../../../Engine/Content/EditorMaterials/Cross_Mat.uasset" 123
"../../../Engine/Content/EngineMaterials/DefaultDiffuse.uasset" 124
"../../../Engine/Content/Functions/Engine_MaterialFunctions01/Texturing/TextureCropping.uasset" 125
"../../../Engine/Content/Functions/Engine_MaterialFunctions01/Texturing/ComputeMipLevel.uasset" 126
"../../../Engine/Content/Functions/Engine_MaterialFunctions02/ExampleContent/DebugNumberStrip.uasset" 127
"../../../Engine/Content/Functions/Engine_MaterialFunctions02/ExampleContent/Textures/DebugNumberPeriod.uasset" 128
"../../../Engine/Content/Functions/Engine_MaterialFunctions02/Utility/DebugScalarValues.uasset" 129
"../../../Engine/Content/Functions/Engine_MaterialFunctions02/Utility/DebugFloat2Values.uasset" 130
"../../../Engine/Content/Functions/Engine_MaterialFunctions02/ExampleContent/Textures/flipbook.uasset" 131
"../../../Engine/Content/Functions/Engine_MaterialFunctions02/Texturing/FlipBook.uasset" 132
"../../../Engine/Content/Functions/Engine_MaterialFunctions02/Utility/Sign.uasset" 133
"../../../Engine/Content/Functions/Engine_MaterialFunctions02/Utility/Round.uasset" 134
"../../../Engine/Content/EditorResources/T_EditorHelp.uasset" 135
"../../../Engine/Content/EditorMaterials/HelpActorMaterial.uasset" 136
"../../../Engine/Content/EditorMaterials/CompositeARGBLayer.uasset" 137
"../../../Engine/Content/EditorMaterials/TilingAALineIntegral.uasset" 138
"../../../Engine/Content/EditorMaterials/TilingAALineBoxFiltered.uasset" 139
"../../../Engine/Content/Functions/Engine_MaterialFunctions03/Procedurals/ComputeFilterWidth.uasset" 140
"../../../Engine/Content/EditorMaterials/TilingAADots.uasset" 141
"../../../Engine/Content/EngineMaterials/BlendFunc_DefBase.uasset" 142
"../../../Engine/Content/EngineMaterials/BlendFunc_DefBlend.uasset" 143
"../../../Engine/Content/Functions/Engine_MaterialFunctions03/Blends/Blend_Screen.uasset" 144
"../../../Engine/Content/EditorMaterials/TilingAAGrid.uasset" 145
"../../../Engine/Content/EditorMaterials/LevelGridMaterial.uasset" 146
"../../../Engine/Content/EditorMaterials/MakeCompositeARGBLayer.uasset" 147
"../../../Engine/Content/EditorResources/LevelGrid1DStripes.uasset" 148
"../../../Engine/Content/EditorMaterials/TextureGridCascaded1D.uasset" 149
"../../../Engine/Content/EditorMaterials/TextureGridCascaded2D.uasset" 150
"../../../Engine/Content/EditorMaterials/LevelGridMaterial2.uasset" 151
"../../../Engine/Content/EditorMaterials/MAT_Groups_Toggle.uasset" 152
"../../../Engine/Content/EditorMaterials/MAT_Groups_Visibility.uasset" 153
"../../../Engine/Content/EditorMaterials/AntialiasedGridFloor.uasset" 154
"../../../Engine/Content/EditorResources/TilePatine_D.uasset" 155
"../../../Engine/Content/EditorResources/TilePatine_N.uasset" 156
"../../../Engine/Content/EngineMaterials/Grid.uasset" 157
"../../../Engine/Content/EditorMaterials/PersonaFloorMat.uasset" 158
"../../../Engine/Content/EditorMaterials/PhAT_BoneSelectedMaterial.uasset" 159
"../../../Engine/Content/EditorMaterials/PhAT_ElemSelectedMaterial.uasset" 160
"../../../Engine/Content/EditorMaterials/PhAT_NoCollisionMaterial.uasset" 161
"../../../Engine/Content/EditorMaterials/PhAT_UnselectedMaterial.uasset" 162
"../../../Engine/Content/EditorMaterials/PreviewShadowIndicator.uasset" 163
"../../../Engine/Content/EditorMaterials/PreviewShadowIndicatorMaterial.uasset" 164
"../../../Engine/Content/EditorMaterials/TargetIcon.uasset" 165
"../../../Engine/Content/EditorMaterials/Tick.uasset" 166
"../../../Engine/Content/EditorMaterials/Tick_Mat.uasset" 167
"../../../Engine/Content/EditorMaterials/WidgetGridVertexColorMaterial.uasset" 168
"../../../Engine/Content/EditorMaterials/WidgetGridVertexColorMaterial_Ma.uasset" 169
"../../../Engine/Content/EditorMaterials/WidgetMaterial.uasset" 170
"../../../Engine/Content/EditorMaterials/WidgetMaterial_Current.uasset" 171
"../../../Engine/Content/EditorMaterials/WidgetMaterial_X.uasset" 172
"../../../Engine/Content/EditorMaterials/WidgetMaterial_Y.uasset" 173
"../../../Engine/Content/EditorMaterials/WidgetMaterial_Z.uasset" 174
"../../../Engine/Content/EditorMaterials/WidgetVertexColorMaterial.uasset" 175
"../../../Engine/Content/EditorMaterials/MatineeGroups/MAT_ColorTrack.uasset" 176
"../../../Engine/Content/EditorMaterials/MatineeGroups/MAT_Groups_Anim.uasset" 177
"../../../Engine/Content/EditorMaterials/MatineeGroups/MAT_Groups_AudioMaster.uasset" 178
"../../../Engine/Content/EditorMaterials/MatineeGroups/MAT_Groups_Director.uasset" 179
"../../../Engine/Content/EditorMaterials/MatineeGroups/MAT_Groups_Event.uasset" 180
"../../../Engine/Content/EditorMaterials/MatineeGroups/MAT_Groups_Fade.uasset" 181
"../../../Engine/Content/EditorMaterials/MatineeGroups/MAT_Groups_Float.uasset" 182
"../../../Engine/Content/EditorMaterials/MatineeGroups/MAT_Groups_Move.uasset" 183
"../../../Engine/Content/EditorMaterials/MatineeGroups/MAT_Groups_Slomo.uasset" 184
"../../../Engine/Content/EditorMaterials/MatineeGroups/MAT_Groups_Sound.uasset" 185
"../../../Engine/Content/EditorMaterials/MatineeGroups/MAT_Groups_Vector.uasset" 186
"../../../Engine/Content/EditorMaterials/ParticleSystems/PSysThumbnail_NoImage.uasset" 187
"../../../Engine/Content/EditorMaterials/ParticleSystems/PSysThumbnail_OOD.uasset" 188
"../../../Engine/Content/EditorMaterials/Thumbnails/FloorPlaneMaterial.uasset" 189
"../../../Engine/Content/EditorMeshes/EditorCube.uasset" 190
"../../../Engine/Content/EditorMeshes/EditorCylinder.uasset" 191
"../../../Engine/Content/EditorMeshes/EditorPlane.uasset" 192
"../../../Engine/Content/EditorMaterials/Thumbnails/SkySphereMaterial.uasset" 193
"../../../Engine/Content/EditorMeshes/EditorSkySphere.uasset" 194
"../../../Engine/Content/EditorMeshes/EditorSphere.uasset" 195
"../../../Engine/Content/EditorResources/MatineeCam_D.uasset" 196
"../../../Engine/Content/EditorMaterials/MatineeCam_mat.uasset" 197
"../../../Engine/Content/EditorMeshes/MatineeCam_SM.uasset" 198
"../../../Engine/Content/Functions/Engine_MaterialFunctions01/Shading/ConvertFromDiffSpec.uasset" 199
"../../../Engine/Content/EditorMaterials/GridMaterial.uasset" 200
"../../../Engine/Content/EditorMeshes/PhAT_FloorBox.uasset" 201
"../../../Engine/Content/EditorMeshes/PlanarReflectionPlane.uasset" 202
"../../../Engine/Content/EditorMaterials/Camera/CineMat.uasset" 203
"../../../Engine/Content/EditorMaterials/Camera/MI_CineMat_CameraBody.uasset" 204
"../../../Engine/Content/EngineDebugMaterials/M_SimpleOpaque.uasset" 205
"../../../Engine/Content/EditorMaterials/Camera/MI_CineMat_CamViewFinder.uasset" 206
"../../../Engine/Content/EditorMeshes/Camera/SM_CineCam.uasset" 207
"../../../Engine/Content/EditorMaterials/Camera/MI_CineMat_Rig.uasset" 208
"../../../Engine/Content/EditorMeshes/Camera/SM_CraneRig_Arm.uasset" 209
"../../../Engine/Content/EditorMeshes/Camera/SM_CraneRig_Base.uasset" 210
"../../../Engine/Content/EditorMeshes/Camera/SM_CraneRig_Body.uasset" 211
"../../../Engine/Content/EditorMeshes/Camera/SM_CraneRig_Mount.uasset" 212
"../../../Engine/Content/EditorMeshes/Camera/SM_RailRig_Mount.uasset" 213
"../../../Engine/Content/EditorMeshes/Camera/SM_RailRig_Track.uasset" 214
"../../../Engine/Content/EditorMeshes/ColorCalibrator/M_ChromeBall.uasset" 215
"../../../Engine/Content/EditorResources/Bad.uasset" 216
"../../../Engine/Content/EditorResources/BSPVertex.uasset" 217
"../../../Engine/Content/EditorResources/EmptyActor.uasset" 218
"../../../Engine/Content/EditorResources/MatInstActSprite.uasset" 219
"../../../Engine/Content/EditorResources/SceneManager.uasset" 220
"../../../Engine/Content/EditorResources/SmallFont.uasset" 221
"../../../Engine/Content/EditorResources/S_Actor.uasset" 222
"../../../Engine/Content/EditorResources/S_DecalActorIcon.uasset" 223
"../../../Engine/Content/EditorResources/S_Emitter.uasset" 224
"../../../Engine/Content/EditorResources/S_ExpoHeightFog.uasset" 225
"../../../Engine/Content/EditorResources/S_FTest.uasset" 226
"../../../Engine/Content/EditorResources/S_KBSJoint.uasset" 227
"../../../Engine/Content/EditorResources/S_KHinge.uasset" 228
"../../../Engine/Content/EditorResources/S_KPrismatic.uasset" 229
"../../../Engine/Content/EditorResources/S_LevelSequence.uasset" 230
"../../../Engine/Content/EditorResources/S_NavP.uasset" 231
"../../../Engine/Content/EditorResources/S_Note.uasset" 232
"../../../Engine/Content/EditorResources/S_Player.uasset" 233
"../../../Engine/Content/EditorResources/S_PortalActorIcon2.uasset" 234
"../../../Engine/Content/EditorResources/S_RadForce.uasset" 235
"../../../Engine/Content/EditorResources/S_ReflActorIcon.uasset" 236
"../../../Engine/Content/EditorResources/S_SkyAtmosphere.uasset" 237
"../../../Engine/Content/EditorResources/S_Solver.uasset" 238
"../../../Engine/Content/EditorResources/S_Terrain.uasset" 239
"../../../Engine/Content/EditorResources/S_TextRenderActorIcon.uasset" 240
"../../../Engine/Content/EditorResources/S_Thruster.uasset" 241
"../../../Engine/Content/EditorResources/S_Trigger.uasset" 242
"../../../Engine/Content/EditorResources/S_VectorFieldVol.uasset" 243
"../../../Engine/Content/EditorResources/S_WindDirectional.uasset" 244
"../../../Engine/Content/EditorResources/AI/S_NavLink.uasset" 245
"../../../Engine/Content/EditorResources/AudioIcons/S_AudioComponent_AutoActivate.uasset" 246
"../../../Engine/Content/EditorResources/LightIcons/SkyLight.uasset" 247
"../../../Engine/Content/EditorResources/LightIcons/S_LightDirectional.uasset" 248
"../../../Engine/Content/EditorResources/LightIcons/S_LightDirectionalMove.uasset" 249
"../../../Engine/Content/EditorResources/LightIcons/S_LightError.uasset" 250
"../../../Engine/Content/EditorResources/LightIcons/S_LightPoint.uasset" 251
"../../../Engine/Content/EditorResources/LightIcons/S_LightPointMove.uasset" 252
"../../../Engine/Content/EditorResources/LightIcons/S_LightSpot.uasset" 253
"../../../Engine/Content/EditorResources/LightIcons/S_LightSpotMove.uasset" 254
"../../../Engine/Content/EditorResources/SequenceRecorder/Countdown.uasset" 255
"../../../Engine/Content/EditorResources/SequenceRecorder/RecordingIndicator.uasset" 256
"../../../Engine/Content/EditorResources/Spline/T_Loft_Spline.uasset" 257
"../../../Engine/Content/EditorSounds/Notifications/CompileFailed.uasset" 258
"../../../Engine/Content/EditorSounds/Notifications/CompileFailed_Cue.uasset" 259
"../../../Engine/Content/EditorSounds/Notifications/CompileSuccess.uasset" 260
"../../../Engine/Content/EditorSounds/Notifications/CompileStart_Cue.uasset" 261
"../../../Engine/Content/EditorSounds/Notifications/CompileSuccess_Cue.uasset" 262
"../../../Engine/Content/EngineDamageTypes/DmgTypeBP_Environmental.uasset" 263
"../../../Engine/Content/EngineDebugMaterials/HeatmapGradient.uasset" 264
"../../../Engine/Content/EngineDebugMaterials/BoneWeightMaterial.uasset" 265
"../../../Engine/Content/EngineDebugMaterials/ClothMaterial.uasset" 266
"../../../Engine/Content/EngineDebugMaterials/ClothMaterial_WF.uasset" 267
"../../../Engine/Content/EngineDebugMaterials/DebugEditorMaterial.uasset" 268
"../../../Engine/Content/EngineDebugMaterials/DebugMeshMaterial.uasset" 269
"../../../Engine/Content/EngineDebugMaterials/GeomMaterial.uasset" 270
"../../../Engine/Content/EngineDebugMaterials/LevelColorationLitMaterial.uasset" 271
"../../../Engine/Content/EngineDebugMaterials/LevelColorationUnlitMaterial.uasset" 272
"../../../Engine/Content/EngineMaterials/DefaultWhiteGrid.uasset" 273
"../../../Engine/Content/EngineDebugMaterials/MAT_LevelColorationLitLightmapUV.uasset" 274
"../../../Engine/Content/EngineDebugMaterials/M_SimpleTranslucent.uasset" 275
"../../../Engine/Content/Functions/Engine_MaterialFunctions02/Utility/CameraDirectionVector.uasset" 276
"../../../Engine/Content/EngineDebugMaterials/VolumeToRender.uasset" 277
"../../../Engine/Content/EngineDebugMaterials/M_VolumeRenderSphereTracePP.uasset" 278
"../../../Engine/Content/EngineDebugMaterials/ShadedLevelColorationLitMaterial.uasset" 279
"../../../Engine/Content/EngineDebugMaterials/ShadedLevelColorationUnlitMateri.uasset" 280
"../../../Engine/Content/EngineDebugMaterials/VertexColorMaterial.uasset" 281
"../../../Engine/Content/EngineDebugMaterials/VertexColorViewMode_AlphaAsColor.uasset" 282
"../../../Engine/Content/EngineDebugMaterials/VertexColorViewMode_BlueOnly.uasset" 283
"../../../Engine/Content/EngineDebugMaterials/VertexColorViewMode_ColorOnly.uasset" 284
"../../../Engine/Content/EngineDebugMaterials/VertexColorViewMode_GreenOnly.uasset" 285
"../../../Engine/Content/EngineDebugMaterials/VertexColorViewMode_RedOnly.uasset" 286
"../../../Engine/Content/EngineDebugMaterials/WireframeMaterial.uasset" 287
"../../../Engine/Content/EngineFonts/Faces/DroidSansFallback.uasset" 288
"../../../Engine/Content/EngineFonts/Faces/RobotoBold.uasset" 289
"../../../Engine/Content/EngineFonts/Faces/RobotoBoldItalic.uasset" 290
"../../../Engine/Content/EngineFonts/Faces/RobotoItalic.uasset" 291
"../../../Engine/Content/EngineFonts/Faces/RobotoLight.uasset" 292
"../../../Engine/Content/EngineFonts/Faces/RobotoRegular.uasset" 293
"../../../Engine/Content/EngineFonts/Roboto.uasset" 294
"../../../Engine/Content/EngineFonts/Faces/RobotoTiny.uasset" 295
"../../../Engine/Content/EngineFonts/RobotoTiny.uasset" 296
"../../../Engine/Content/EngineFonts/SmallFont.uasset" 297
"../../../Engine/Content/EngineFonts/TinyFont.uasset" 298
"../../../Engine/Content/EngineMaterials/BaseFlattenDiffuseMap.uasset" 299
"../../../Engine/Content/EngineMaterials/BaseFlattenEmissiveMap.uasset" 300
"../../../Engine/Content/EngineMaterials/BaseFlattenGrayscaleMap.uasset" 301
"../../../Engine/Content/EngineMaterials/BaseFlattenNormalMap.uasset" 302
"../../../Engine/Content/EngineMaterials/BaseFlattenMaterial.uasset" 303
"../../../Engine/Content/EngineResources/WhiteSquareTexture.uasset" 304
"../../../Engine/Content/EngineMaterials/BlinkingCaret.uasset" 305
"../../../Engine/Content/EngineMaterials/BlueNoise.uasset" 306
"../../../Engine/Content/EngineMaterials/DefaultBloomKernel.uasset" 307
"../../../Engine/Content/EngineMaterials/DefaultBokeh.uasset" 308
"../../../Engine/Content/EngineMaterials/DefaultDeferredDecalMaterial.uasset" 309
"../../../Engine/Content/EngineMaterials/DefaultDiffuse_TC_Masks.uasset" 310
"../../../Engine/Content/EngineMaterials/DefaultLightFunctionMaterial.uasset" 311
"../../../Engine/Content/EngineMaterials/DefaultNormal.uasset" 312
"../../../Engine/Content/EngineMaterials/DefaultPostProcessMaterial.uasset" 313
"../../../Engine/Content/EngineFonts/RobotoDistanceField.uasset" 314
"../../../Engine/Content/EngineMaterials/DefaultTextMaterialOpaque.uasset" 315
"../../../Engine/Content/EngineMaterials/DefaultVirtualTextureMaterial.uasset" 316
"../../../Engine/Content/EngineMaterials/EditorBrushMaterial.uasset" 317
"../../../Engine/Content/EngineMaterials/DefaultWhiteGrid_Low.uasset" 318
"../../../Engine/Content/EngineMaterials/EmissiveMeshMaterial.uasset" 319
"../../../Engine/Content/EngineMaterials/GizmoMaterial.uasset" 320
"../../../Engine/Content/EngineMaterials/Good64x64TilingNoiseHighFreq.uasset" 321
"../../../Engine/Content/EngineMaterials/Grid_N.uasset" 322
"../../../Engine/Content/EngineMaterials/HairColorMap.uasset" 323
"../../../Engine/Content/EngineMaterials/HairDebugColor.uasset" 324
"../../../Engine/Content/EngineMaterials/HairDebugMaterial.uasset" 325
"../../../Engine/Content/EngineMaterials/HairDefaultMaterial.uasset" 326
"../../../Engine/Content/EngineMaterials/HighResolutionScreenshotMaskFunction.uasset" 327
"../../../Engine/Content/EngineMaterials/HighResScreenshot.uasset" 328
"../../../Engine/Content/EngineMaterials/HighResScreenshotCaptureRegion.uasset" 329
"../../../Engine/Content/EngineMaterials/HighResScreenshotMask.uasset" 330
"../../../Engine/Content/EngineMaterials/LandscapeHolePhysicalMaterial.uasset" 331
"../../../Engine/Content/EngineMaterials/InvalidLightmapSettings.uasset" 332
"../../../Engine/Content/EngineMaterials/M_InvalidLightmapSettings.uasset" 333
"../../../Engine/Content/EngineMaterials/PaperDiffuse.uasset" 334
"../../../Engine/Content/EngineMaterials/PaperNormal.uasset" 335
"../../../Engine/Content/Functions/Engine_MaterialFunctions02/WorldPositionOffset/CameraOffset.uasset" 336
"../../../Engine/Content/EngineMaterials/PhAT_JointLimitMaterial.uasset" 337
"../../../Engine/Content/EngineMaterials/PhysMat_Rubber.uasset" 338
"../../../Engine/Content/EngineMaterials/PreintegratedSkinBRDF.uasset" 339
"../../../Engine/Content/EngineMaterials/RemoveSurfaceMaterial.uasset" 340
"../../../Engine/Content/EngineMaterials/WeightMapPlaceholderTexture.uasset" 341
"../../../Engine/Content/Functions/Engine_MaterialFunctions01/ImageAdjustment/sRGBToLinear.uasset" 342
"../../../Engine/Content/Functions/Engine_MaterialFunctions02/Utility/BreakOutFloat3Components.uasset" 343
"../../../Engine/Content/EngineMaterials/Widget3DCameraPassThrough_Opaque_OneSided.uasset" 344
"../../../Engine/Content/EngineMaterials/Widget3DPassThrough.uasset" 345
"../../../Engine/Content/EngineMaterials/Widget3DPassThrough_Masked.uasset" 346
"../../../Engine/Content/EngineMaterials/Widget3DPassThrough_Opaque.uasset" 347
"../../../Engine/Content/EngineMaterials/Widget3DPassThrough_Masked_OneSided.uasset" 348
"../../../Engine/Content/EngineMaterials/Widget3DPassThrough_Opaque_OneSided.uasset" 349
"../../../Engine/Content/EngineMaterials/Widget3DPassThrough_Translucent.uasset" 350
"../../../Engine/Content/EngineMaterials/Widget3DPassThrough_Translucent_OneSided.uasset" 351
"../../../Engine/Content/EngineMeshes/Cylinder.uasset" 352
"../../../Engine/Content/EngineMeshes/Sphere.uasset" 353
"../../../Engine/Content/EngineResources/Black.uasset" 354
"../../../Engine/Content/EngineResources/DefaultTexture.uasset" 355
"../../../Engine/Content/EngineResources/DefaultTextureCube.uasset" 356
"../../../Engine/Content/EngineResources/DefaultVolumeTexture2D.uasset" 357
"../../../Engine/Content/EngineResources/DefaultVolumeTexture.uasset" 358
"../../../Engine/Content/EngineResources/GradientTexture0.uasset" 359
"../../../Engine/Content/EngineResources/StreamingPauseIcon.uasset" 360
"../../../Engine/Content/EngineResources/M_StreamingPause.uasset" 361
"../../../Engine/Content/EngineSounds/Master.uasset" 362
"../../../Engine/Content/Functions/Engine_MaterialFunctions01/Shading/PowerToRoughness.uasset" 363
"../../../Engine/Content/Maps/Templates/Thumbnails/Default.uasset" 364
"../../../Engine/Content/Maps/Templates/Thumbnails/TimeOfDay.uasset" 365
"../../../Engine/Content/Maps/Templates/Thumbnails/VR-Basic.uasset" 366
"../../../Engine/Content/MapTemplates/Sky/DaylightAmbientCubemap.uasset" 367
"../../../Engine/Content/MobileResources/T_MobileControls_texture.uasset" 368
"../../../Engine/Content/MobileResources/T_MobileMenu2.uasset" 369
"../../../Engine/Content/MobileResources/HUD/AnalogHat.uasset" 370
"../../../Engine/Content/MobileResources/HUD/VirtualJoystick_Background.uasset" 371
"../../../Engine/Content/MobileResources/HUD/VirtualJoystick_Thumb.uasset" 372
"../../../Engine/Content/MobileResources/HUD/DefaultVirtualJoysticks.uasset" 373
"../../../Engine/Content/MobileResources/HUD/LeftVirtualJoystickOnly.uasset" 374
"../../../Engine/Content/MobileResources/HUD/MobileHUDButton1_off.uasset" 375
"../../../Engine/Content/MobileResources/HUD/MobileHUDButton1_on.uasset" 376
"../../../Engine/Content/MobileResources/HUD/MobileHUDButton2_off.uasset" 377
"../../../Engine/Content/MobileResources/HUD/MobileHUDButton2_on.uasset" 378
"../../../Engine/Content/MobileResources/HUD/MobileHUDButton3.uasset" 379
"../../../Engine/Content/MobileResources/HUD/MobileHUDButtonFire.uasset" 380
"../../../Engine/Content/MobileResources/HUD/MobileHUDDirectionPad.uasset" 381
"../../../Engine/Content/MobileResources/HUD/MobileHUDDirectionPad2.uasset" 382
"../../../Engine/Content/MobileResources/HUD/MobileHUDDirectionPad3.uasset" 383
"../../../Engine/Content/MobileResources/HUD/MobileHUDDirectionStick.uasset" 384
"../../../Engine/Content/MobileResources/HUD/T_Castle_ThumbstickInner.uasset" 385
"../../../Engine/Content/MobileResources/HUD/T_Castle_ThumbstickOutter.uasset" 386
"../../../Engine/Content/Tutorial/ContentIntroCurve.uasset" 387
"../../../Engine/Content/Tutorial/Basics/LevelEditorAttract.uasset" 388
"../../../Engine/Content/Tutorial/Basics/TutorialAssets/icon_tab_Levels_40x.uasset" 389
"../../../Engine/Content/Tutorial/Basics/LevelEditorOverview.uasset" 390
"../../../Engine/Content/Tutorial/BlueprintTutorials/TutorialAssets/Blueprint_64x.uasset" 391
"../../../Engine/Content/Tutorial/BlueprintTutorials/BlueprintEditorTutorial.uasset" 392
"../../../Engine/Content/Tutorial/BlueprintTutorials/LevelBlueprintEditorOverview.uasset" 393
"../../../Engine/Content/Tutorial/BlueprintTutorials/TutorialAssets/Tutorial_BP_MacroLib.uasset" 394
"../../../Engine/Content/VREditor/LaserPointer/VR_LaserPower_01.uasset" 395
"../../../Engine/Content/VREditor/TransformGizmo/TransformGizmoMaterial.uasset" 396
"../../../Engine/Content/VREditor/TransformGizmo/TranslucentTransformGizmoMaterial.uasset" 397
"../../../Engine/Content/VREditor/TransformGizmo/BoundingBoxCorner.uasset" 398
"../../../Engine/Content/VREditor/TransformGizmo/BoundingBoxEdge.uasset" 399
"../../../Engine/Content/VREditor/TransformGizmo/PlaneTranslationHandle.uasset" 400
"../../../Engine/Content/VREditor/TransformGizmo/Main.uasset" 401
"../../../Engine/Content/VREditor/TransformGizmo/Xray.uasset" 402
"../../../Engine/Content/VREditor/TransformGizmo/SM_Sequencer_Key.uasset" 403
"../../../Engine/Content/VREditor/TransformGizmo/SM_Sequencer_Node.uasset" 404
"../../../../../../Users/elkar/OneDrive/Desktop/unreal games/Devastation/Content/2DSideScroller/GemBlue.uasset" 405
"../../../../../../Users/elkar/OneDrive/Desktop/unreal games/Devastation/Content/2DSideScroller/GemGreen.uasset" 406
"../../../../../../Users/elkar/OneDrive/Desktop/unreal games/Devastation/Content/2DSideScroller/GemGreen_Sprite.uasset" 407
"../../../../../../Users/elkar/OneDrive/Desktop/unreal games/Devastation/Content/2DSideScroller/GemPurple.uasset" 408
"../../../../../../Users/elkar/OneDrive/Desktop/unreal games/Devastation/Content/2DSideScroller/GemPurple_Sprite.uasset" 409
"../../../../../../Users/elkar/OneDrive/Desktop/unreal games/Devastation/Content/2DSideScroller/GemRed.uasset" 410
"../../../../../../Users/elkar/OneDrive/Desktop/unreal games/Devastation/Content/2DSideScroller/GemRed_Sprite.uasset" 411
"../../../../../../Users/elkar/OneDrive/Desktop/unreal games/Devastation/Content/2DSideScroller/Sprites/Textures/Guy2.uasset" 412
"../../../../../../Users/elkar/OneDrive/Desktop/unreal games/Devastation/Content/2DSideScroller/Sprites/Guy/Guy2_Sprite.uasset" 413
"../../../../../../Users/elkar/OneDrive/Desktop/unreal games/Devastation/Content/2DSideScroller/Sprites/Textures/Guy.uasset" 414
"../../../../../../Users/elkar/OneDrive/Desktop/unreal games/Devastation/Content/2DSideScroller/Sprites/Guy/Guy_Sprite.uasset" 415
"../../../../../../Users/elkar/OneDrive/Desktop/unreal games/Devastation/Content/2DSideScroller/Sprites/Textures/2DBackgroundTile.uasset" 416
"../../../../../../Users/elkar/OneDrive/Desktop/unreal games/Devastation/Content/2DSideScroller/Textures/Background.uasset" 417
"../../../../../../Users/elkar/OneDrive/Desktop/unreal games/Devastation/Content/2DSideScroller/Textures/Bee1.uasset" 418
"../../../../../../Users/elkar/OneDrive/Desktop/unreal games/Devastation/Content/2DSideScroller/Textures/Bee2.uasset" 419
"../../../../../../Users/elkar/OneDrive/Desktop/unreal games/Devastation/Content/2DSideScroller/Textures/BurningHouseGC1.uasset" 420
"../../../../../../Users/elkar/OneDrive/Desktop/unreal games/Devastation/Content/2DSideScroller/Textures/BurningHouseGC2.uasset" 421
"../../../../../../Users/elkar/OneDrive/Desktop/unreal games/Devastation/Content/2DSideScroller/Textures/BurningHouseR1.uasset" 422
"../../../../../../Users/elkar/OneDrive/Desktop/unreal games/Devastation/Content/2DSideScroller/Textures/BurningHouseR2.uasset" 423
"../../../../../../Users/elkar/OneDrive/Desktop/unreal games/Devastation/Content/2DSideScroller/Textures/BurningHouseRC1.uasset" 424
"../../../../../../Users/elkar/OneDrive/Desktop/unreal games/Devastation/Content/2DSideScroller/Textures/BurningHouseRC2.uasset" 425
"../../../../../../Users/elkar/OneDrive/Desktop/unreal games/Devastation/Content/2DSideScroller/Textures/BurntHouse.uasset" 426
"../../../../../../Users/elkar/OneDrive/Desktop/unreal games/Devastation/Content/2DSideScroller/Textures/BurntHouse1.uasset" 427
"../../../../../../Users/elkar/OneDrive/Desktop/unreal games/Devastation/Content/2DSideScroller/Textures/BurntHouse2.uasset" 428
"../../../../../../Users/elkar/OneDrive/Desktop/unreal games/Devastation/Content/2DSideScroller/Textures/BurntHouseC.uasset" 429
"../../../../../../Users/elkar/OneDrive/Desktop/unreal games/Devastation/Content/2DSideScroller/Textures/BurntHouseC1.uasset" 430
"../../../../../../Users/elkar/OneDrive/Desktop/unreal games/Devastation/Content/2DSideScroller/Textures/BurntHouseC2.uasset" 431
"../../../../../../Users/elkar/OneDrive/Desktop/unreal games/Devastation/Content/2DSideScroller/Textures/BurntTree.uasset" 432
"../../../../../../Users/elkar/OneDrive/Desktop/unreal games/Devastation/Content/2DSideScroller/Textures/BurntTreeHiveLeft.uasset" 433
"../../../../../../Users/elkar/OneDrive/Desktop/unreal games/Devastation/Content/2DSideScroller/Textures/BurntTreeHiveRight.uasset" 434
"../../../../../../Users/elkar/OneDrive/Desktop/unreal games/Devastation/Content/2DSideScroller/Textures/FireBall1.uasset" 435
"../../../../../../Users/elkar/OneDrive/Desktop/unreal games/Devastation/Content/2DSideScroller/Textures/Fireball2.uasset" 436
"../../../../../../Users/elkar/OneDrive/Desktop/unreal games/Devastation/Content/2DSideScroller/Textures/FireL1.uasset" 437
"../../../../../../Users/elkar/OneDrive/Desktop/unreal games/Devastation/Content/2DSideScroller/Textures/FireL2.uasset" 438
"../../../../../../Users/elkar/OneDrive/Desktop/unreal games/Devastation/Content/2DSideScroller/Textures/FireM1.uasset" 439
"../../../../../../Users/elkar/OneDrive/Desktop/unreal games/Devastation/Content/2DSideScroller/Textures/FireM2.uasset" 440
"../../../../../../Users/elkar/OneDrive/Desktop/unreal games/Devastation/Content/2DSideScroller/Textures/FireS1.uasset" 441
"../../../../../../Users/elkar/OneDrive/Desktop/unreal games/Devastation/Content/2DSideScroller/Textures/FireS2.uasset" 442
"../../../../../../Users/elkar/OneDrive/Desktop/unreal games/Devastation/Content/2DSideScroller/Textures/platform.uasset" 443
"../../../../../../Users/elkar/OneDrive/Desktop/unreal games/Devastation/Content/2DSideScroller/Textures/Platform2.uasset" 444
"../../../../../../Users/elkar/OneDrive/Desktop/unreal games/Devastation/Content/2DSideScroller/Textures/Platform3.uasset" 445
"../../../../../../Users/elkar/OneDrive/Desktop/unreal games/Devastation/Content/2DSideScroller/Textures/TFa1.uasset" 446
"../../../../../../Users/elkar/OneDrive/Desktop/unreal games/Devastation/Content/2DSideScroller/Textures/TFa2.uasset" 447
"../../../../../../Users/elkar/OneDrive/Desktop/unreal games/Devastation/Content/2DSideScroller/Textures/TFb1.uasset" 448
"../../../../../../Users/elkar/OneDrive/Desktop/unreal games/Devastation/Content/2DSideScroller/Textures/TFb2.uasset" 449
"../../../../../../Users/elkar/OneDrive/Desktop/unreal games/Devastation/Content/2DSideScroller/Textures/TFHLa1.uasset" 450
"../../../../../../Users/elkar/OneDrive/Desktop/unreal games/Devastation/Content/2DSideScroller/Textures/TFHLa2.uasset" 451
"../../../../../../Users/elkar/OneDrive/Desktop/unreal games/Devastation/Content/2DSideScroller/Textures/TFHLb1.uasset" 452
"../../../../../../Users/elkar/OneDrive/Desktop/unreal games/Devastation/Content/2DSideScroller/Textures/TFHLb2.uasset" 453
"../../../../../../Users/elkar/OneDrive/Desktop/unreal games/Devastation/Content/2DSideScroller/Textures/TFHRa1.uasset" 454
"../../../../../../Users/elkar/OneDrive/Desktop/unreal games/Devastation/Content/2DSideScroller/Textures/TFHRa2.uasset" 455
"../../../../../../Users/elkar/OneDrive/Desktop/unreal games/Devastation/Content/2DSideScroller/Textures/TFHRb1.uasset" 456
"../../../../../../Users/elkar/OneDrive/Desktop/unreal games/Devastation/Content/2DSideScroller/Textures/TFHRb2.uasset" 457
"../../../../../../Users/elkar/OneDrive/Desktop/unreal games/Devastation/Content/2DSideScroller/Textures/Tree.uasset" 458
"../../../../../../Users/elkar/OneDrive/Desktop/unreal games/Devastation/Content/2DSideScroller/Textures/TreeHiveLeft.uasset" 459
"../../../../../../Users/elkar/OneDrive/Desktop/unreal games/Devastation/Content/2DSideScroller/Textures/TreeHiveRight.uasset" 460
"../../../../../../Users/elkar/OneDrive/Desktop/unreal games/Devastation/Content/2DSideScroller/Textures/TunnelBack.uasset" 461
"../../../../../../Users/elkar/OneDrive/Desktop/unreal games/Devastation/Content/2DSideScroller/Textures/TunnelEnd.uasset" 462
"../../../../../../Users/elkar/OneDrive/Desktop/unreal games/Devastation/Content/2DSideScroller/Textures/TunnelFront.uasset" 463
"../../../Engine/Content/Animation/DefaultAnimCurveCompressionSettings.uasset" 464
"../../../Engine/Content/ArtTools/RenderToTexture/Enums/RenderToTexture_Enum.uasset" 465
"../../../Engine/Content/ArtTools/RenderToTexture/Enums/RenderToTexture_Flipbook_Enum.uasset" 466
"../../../Engine/Content/ArtTools/RenderToTexture/Enums/RenderToTexture_Imposter_Enum.uasset" 467
"../../../Engine/Content/ArtTools/RenderToTexture/Enums/EIntTypes.uasset" 468
"../../../Engine/Content/ArtTools/RenderToTexture/Macros/RenderToTextureFunctionLibrary.uasset" 469
"../../../Engine/Content/ArtTools/RenderToTexture/Enums/EFloatTypes.uasset" 470
"../../../Engine/Content/ArtTools/RenderToTexture/Macros/RenderToTextureMacros.uasset" 471
"../../../../../../Users/elkar/OneDrive/Desktop/unreal games/Devastation/Content/Devastation/HUD/poem.uasset" 472
"../../../../../../Users/elkar/OneDrive/Desktop/unreal games/Devastation/Content/Devastation/HUD/text3.uasset" 473
"../../../../../../Users/elkar/OneDrive/Desktop/unreal games/Devastation/Content/Devastation/HUD/text4.uasset" 474
"../../../../../../Users/elkar/OneDrive/Desktop/unreal games/Devastation/Content/Devastation/HUD/text5.uasset" 475
"../../../../../../Users/elkar/OneDrive/Desktop/unreal games/Devastation/Content/Devastation/HUD/text6.uasset" 476
"../../../../../../Users/elkar/OneDrive/Desktop/unreal games/Devastation/Content/Devastation/HUD/text7.uasset" 477
"../../../../../../Users/elkar/OneDrive/Desktop/unreal games/Devastation/Content/Devastation/HUD/text8.uasset" 478
"../../Plugins/2D/Paper2D/Content/PlaceholderTextures/DummySpriteTexture.uasset" 479
"../../Plugins/2D/Paper2D/Content/DummySprite.uasset" 480
"../../Plugins/2D/Paper2D/Content/DefaultPaperTerrainMaterial.uasset" 481
"../../Plugins/2D/Paper2D/Content/DefaultSpriteMaterial.uasset" 482
"../../Plugins/2D/Paper2D/Content/MaskedUnlitSpriteMaterial.uasset" 483
"../../Plugins/2D/Paper2D/Content/OpaqueUnlitSpriteMaterial.uasset" 484
"../../Plugins/Enterprise/DatasmithContent/Content/Blueprints/FBXImporter/FBXImporterUtils.uasset" 485
"../../../Engine/Content/Functions/Engine_MaterialFunctions02/Utility/BreakOutFloat4Components.uasset" 486
"../../Plugins/Runtime/Oculus/OculusVR/Content/Materials/OculusMR_ChromaKey.uasset" 487
"../../Plugins/Runtime/Oculus/OculusVR/Content/Materials/OculusMR_ChromaKey_Lit.uasset" 488
"../../Plugins/Runtime/Oculus/OculusVR/Content/Materials/OculusMR_OpaqueColoredMaterial.uasset" 489
"../../Plugins/Runtime/Oculus/OculusVR/Content/Materials/OculusMR_WhiteMaterial.uasset" 490
"../../../../../../Users/elkar/OneDrive/Desktop/unreal games/Devastation/Content/Devastation/HUD/text11.uasset" 491
"../../../Engine/Content/Maps/Entry_BuiltData.uasset" 492
"../../../Engine/Content/Maps/Entry.umap" 493
"../../../../../../Users/elkar/OneDrive/Desktop/unreal games/Devastation/Content/2DSideScroller/Sprites/Fire/FireL1_Sprite.uasset" 494
"../../../../../../Users/elkar/OneDrive/Desktop/unreal games/Devastation/Content/2DSideScroller/Sprites/Fire/FireL2_Sprite.uasset" 495
"../../../../../../Users/elkar/OneDrive/Desktop/unreal games/Devastation/Content/2DSideScroller/Sprites/Fire/FireL.uasset" 496
"../../../../../../Users/elkar/OneDrive/Desktop/unreal games/Devastation/Content/2DSideScroller/Sprites/Fire/FireM1_Sprite.uasset" 497
"../../../../../../Users/elkar/OneDrive/Desktop/unreal games/Devastation/Content/2DSideScroller/Sprites/Fire/FireM2_Sprite.uasset" 498
"../../../../../../Users/elkar/OneDrive/Desktop/unreal games/Devastation/Content/2DSideScroller/Sprites/Fire/FireM.uasset" 499
"../../../../../../Users/elkar/OneDrive/Desktop/unreal games/Devastation/Content/2DSideScroller/Sprites/Fire/FireS1_Sprite.uasset" 500
"../../../../../../Users/elkar/OneDrive/Desktop/unreal games/Devastation/Content/2DSideScroller/Sprites/Fire/FireS2_Sprite.uasset" 501
"../../../../../../Users/elkar/OneDrive/Desktop/unreal games/Devastation/Content/2DSideScroller/Sprites/Fire/FireS.uasset" 502
"../../../../../../Users/elkar/OneDrive/Desktop/unreal games/Devastation/Content/2DSideScroller/Sprites/Textures/BurningGrass.uasset" 503
"../../../../../../Users/elkar/OneDrive/Desktop/unreal games/Devastation/Content/2DSideScroller/Sprites/Grass_Dirt/BurningGrass_Sprite.uasset" 504
"../../../../../../Users/elkar/OneDrive/Desktop/unreal games/Devastation/Content/2DSideScroller/Sprites/Textures/BurntGrass.uasset" 505
"../../../../../../Users/elkar/OneDrive/Desktop/unreal games/Devastation/Content/2DSideScroller/Sprites/Grass_Dirt/BurntGrass_Sprite.uasset" 506
"../../../../../../Users/elkar/OneDrive/Desktop/unreal games/Devastation/Content/2DSideScroller/Materials/PrototypingSpriteMaterial.uasset" 507
"../../../../../../Users/elkar/OneDrive/Desktop/unreal games/Devastation/Content/2DSideScroller/Sprites/Textures/Grass.uasset" 508
"../../../../../../Users/elkar/OneDrive/Desktop/unreal games/Devastation/Content/2DSideScroller/Sprites/Grass_Dirt/Grass_Sprite1.uasset" 509
"../../../../../../Users/elkar/OneDrive/Desktop/unreal games/Devastation/Content/2DSideScrollerBP/Blueprints/Grass_BP.uasset" 510
"../../../../../../Users/elkar/OneDrive/Desktop/unreal games/Devastation/Content/2DSideScroller/Sprites/Houses/BurningHouseGC1_Sprite.uasset" 511
"../../../../../../Users/elkar/OneDrive/Desktop/unreal games/Devastation/Content/2DSideScroller/Sprites/Houses/BurningHouseGC2_Sprite.uasset" 512
"../../../../../../Users/elkar/OneDrive/Desktop/unreal games/Devastation/Content/2DSideScroller/Sprites/Houses/BurningHouseGC_Flipbook.uasset" 513
"../../../../../../Users/elkar/OneDrive/Desktop/unreal games/Devastation/Content/2DSideScroller/Sprites/Houses/BurntHouseC1_Sprite.uasset" 514
"../../../../../../Users/elkar/OneDrive/Desktop/unreal games/Devastation/Content/2DSideScroller/Sprites/Houses/BurntHouseC2_Sprite.uasset" 515
"../../../../../../Users/elkar/OneDrive/Desktop/unreal games/Devastation/Content/2DSideScroller/Sprites/Houses/BurntHouseC_Flipbook1.uasset" 516
"../../../../../../Users/elkar/OneDrive/Desktop/unreal games/Devastation/Content/2DSideScroller/Sprites/Houses/BurntHouseC_Sprite.uasset" 517
"../../../../../../Users/elkar/OneDrive/Desktop/unreal games/Devastation/Content/2DSideScroller/Textures/HouseGC.uasset" 518
"../../../../../../Users/elkar/OneDrive/Desktop/unreal games/Devastation/Content/2DSideScroller/Sprites/Houses/HouseGC_Sprite.uasset" 519
"../../../../../../Users/elkar/OneDrive/Desktop/unreal games/Devastation/Content/2DSideScrollerBP/Blueprints/HouseGC_BP.uasset" 520
"../../../../../../Users/elkar/OneDrive/Desktop/unreal games/Devastation/Content/2DSideScroller/Sprites/Houses/BurningHouseR1_Sprite.uasset" 521
"../../../../../../Users/elkar/OneDrive/Desktop/unreal games/Devastation/Content/2DSideScroller/Sprites/Houses/BurningHouseR2_Sprite.uasset" 522
"../../../../../../Users/elkar/OneDrive/Desktop/unreal games/Devastation/Content/2DSideScroller/Sprites/Houses/BurningHouseR_Flipbook.uasset" 523
"../../../../../../Users/elkar/OneDrive/Desktop/unreal games/Devastation/Content/2DSideScroller/Sprites/Houses/BurntHouse1_Sprite.uasset" 524
"../../../../../../Users/elkar/OneDrive/Desktop/unreal games/Devastation/Content/2DSideScroller/Sprites/Houses/BurntHouse2_Sprite.uasset" 525
"../../../../../../Users/elkar/OneDrive/Desktop/unreal games/Devastation/Content/2DSideScroller/Sprites/Houses/BurntHouse_Flipbook.uasset" 526
"../../../../../../Users/elkar/OneDrive/Desktop/unreal games/Devastation/Content/2DSideScroller/Sprites/Houses/BurntHouse_Sprite.uasset" 527
"../../../../../../Users/elkar/OneDrive/Desktop/unreal games/Devastation/Content/2DSideScroller/Textures/HouseR.uasset" 528
"../../../../../../Users/elkar/OneDrive/Desktop/unreal games/Devastation/Content/2DSideScroller/Sprites/Houses/HouseR_Sprite.uasset" 529
"../../../../../../Users/elkar/OneDrive/Desktop/unreal games/Devastation/Content/2DSideScrollerBP/Blueprints/HouseR_BP.uasset" 530
"../../../../../../Users/elkar/OneDrive/Desktop/unreal games/Devastation/Content/2DSideScroller/Sprites/Trees/BurntTree_Sprite.uasset" 531
"../../../../../../Users/elkar/OneDrive/Desktop/unreal games/Devastation/Content/2DSideScroller/Sprites/Trees/Tree_Sprite.uasset" 532
"../../../../../../Users/elkar/OneDrive/Desktop/unreal games/Devastation/Content/2DSideScroller/Sprites/Trees/TFa1_Sprite.uasset" 533
"../../../../../../Users/elkar/OneDrive/Desktop/unreal games/Devastation/Content/2DSideScroller/Sprites/Trees/TFa2_Sprite.uasset" 534
"../../../../../../Users/elkar/OneDrive/Desktop/unreal games/Devastation/Content/2DSideScroller/Sprites/Trees/TreeFireA_Flipbook.uasset" 535
"../../../../../../Users/elkar/OneDrive/Desktop/unreal games/Devastation/Content/2DSideScroller/Sprites/Trees/TFb1_Sprite.uasset" 536
"../../../../../../Users/elkar/OneDrive/Desktop/unreal games/Devastation/Content/2DSideScroller/Sprites/Trees/TFb2_Sprite.uasset" 537
"../../../../../../Users/elkar/OneDrive/Desktop/unreal games/Devastation/Content/2DSideScroller/Sprites/Trees/TreeFireB_Flipbook1.uasset" 538
"../../../../../../Users/elkar/OneDrive/Desktop/unreal games/Devastation/Content/2DSideScrollerBP/Blueprints/Tree_BP.uasset" 539
"../../../../../../Users/elkar/OneDrive/Desktop/unreal games/Devastation/Content/Devastation/Maps/Map_BuiltData.uasset" 540
"../../../../../../Users/elkar/OneDrive/Desktop/unreal games/Devastation/Content/2DSideScroller/Sprites/Textures/Dirt.uasset" 541
"../../../../../../Users/elkar/OneDrive/Desktop/unreal games/Devastation/Content/2DSideScroller/Sprites/Grass_Dirt/Dirt_Sprite.uasset" 542
"../../../../../../Users/elkar/OneDrive/Desktop/unreal games/Devastation/Content/2DSideScroller/Sprites/TunnelBack_Sprite.uasset" 543
"../../../../../../Users/elkar/OneDrive/Desktop/unreal games/Devastation/Content/2DSideScroller/Sprites/TunnelEnd_Sprite.uasset" 544
"../../../../../../Users/elkar/OneDrive/Desktop/unreal games/Devastation/Content/2DSideScroller/Sprites/TunnelFront_Sprite.uasset" 545
"../../../../../../Users/elkar/OneDrive/Desktop/unreal games/Devastation/Content/2DSideScroller/Textures/Background_Sprite.uasset" 546
"../../../../../../Users/elkar/OneDrive/Desktop/unreal games/Devastation/Content/Devastation/HUD/cliff-text.uasset" 547
"../../../../../../Users/elkar/OneDrive/Desktop/unreal games/Devastation/Content/2DSideScroller/Sprites/Fire/FireL1.uasset" 548
"../../../../../../Users/elkar/OneDrive/Desktop/unreal games/Devastation/Content/2DSideScroller/Textures/Guy.uasset" 549
"../../../../../../Users/elkar/OneDrive/Desktop/unreal games/Devastation/Content/Devastation/HUD/loading.uasset" 550
"../../../../../../Users/elkar/OneDrive/Desktop/unreal games/Devastation/Content/Devastation/HUD/parkour-tutorial.uasset" 551
"../../../../../../Users/elkar/OneDrive/Desktop/unreal games/Devastation/Content/Devastation/HUD/parkour-tutorial2.uasset" 552
"../../../../../../Users/elkar/OneDrive/Desktop/unreal games/Devastation/Content/Devastation/HUD/text1.uasset" 553
"../../../../../../Users/elkar/OneDrive/Desktop/unreal games/Devastation/Content/Devastation/HUD/text2.uasset" 554
"../../../../../../Users/elkar/OneDrive/Desktop/unreal games/Devastation/Content/Devastation/soundtrack.uasset" 555
"../../../../../../Users/elkar/OneDrive/Desktop/unreal games/Devastation/Content/Devastation/soundtrack_Cue.uasset" 556
"../../../../../../Users/elkar/OneDrive/Desktop/unreal games/Devastation/Content/Devastation/Maps/Map.umap" 557
"../../../../../../Users/elkar/OneDrive/Desktop/unreal games/Devastation/Content/2DSideScroller/Sprites/Houses/BurningHouseRC1_Sprite.uasset" 558
"../../../../../../Users/elkar/OneDrive/Desktop/unreal games/Devastation/Content/2DSideScroller/Sprites/Houses/BurningHouseRC2_Sprite.uasset" 559
"../../../../../../Users/elkar/OneDrive/Desktop/unreal games/Devastation/Content/2DSideScroller/Sprites/Houses/BurningHouseRC_Flipbook.uasset" 560
"../../../../../../Users/elkar/OneDrive/Desktop/unreal games/Devastation/Content/2DSideScroller/Textures/HouseRC.uasset" 561
"../../../../../../Users/elkar/OneDrive/Desktop/unreal games/Devastation/Content/2DSideScroller/Sprites/Houses/HouseRC_Sprite.uasset" 562
"../../../../../../Users/elkar/OneDrive/Desktop/unreal games/Devastation/Content/2DSideScrollerBP/Blueprints/HouseRC_BP.uasset" 563
"../../../../../../Users/elkar/OneDrive/Desktop/unreal games/Devastation/Content/2DSideScroller/Sprites/Trees/BurntTreeHiveLeft_Sprite.uasset" 564
"../../../../../../Users/elkar/OneDrive/Desktop/unreal games/Devastation/Content/2DSideScroller/Sprites/Trees/TFHLa1_Sprite.uasset" 565
"../../../../../../Users/elkar/OneDrive/Desktop/unreal games/Devastation/Content/2DSideScroller/Sprites/Trees/TFHLa2_Sprite.uasset" 566
"../../../../../../Users/elkar/OneDrive/Desktop/unreal games/Devastation/Content/2DSideScroller/Sprites/Trees/TreeFireLeftHiveA_Flipbook2.uasset" 567
"../../../../../../Users/elkar/OneDrive/Desktop/unreal games/Devastation/Content/2DSideScroller/Sprites/Trees/TFHLb1_Sprite.uasset" 568
"../../../../../../Users/elkar/OneDrive/Desktop/unreal games/Devastation/Content/2DSideScroller/Sprites/Trees/TFHLb2_Sprite.uasset" 569
"../../../../../../Users/elkar/OneDrive/Desktop/unreal games/Devastation/Content/2DSideScroller/Sprites/Trees/TreeFireLeftHiveB_Flipbook3.uasset" 570
"../../../../../../Users/elkar/OneDrive/Desktop/unreal games/Devastation/Content/2DSideScroller/Sprites/Trees/TreeHiveLeft_Sprite.uasset" 571
"../../../../../../Users/elkar/OneDrive/Desktop/unreal games/Devastation/Content/2DSideScrollerBP/Blueprints/TreeHiveLeft_BP.uasset" 572
"../../../../../../Users/elkar/OneDrive/Desktop/unreal games/Devastation/Content/2DSideScroller/GemBlue_Sprite.uasset" 573
"../../../../../../Users/elkar/OneDrive/Desktop/unreal games/Devastation/Content/Devastation/HUD/text9.uasset" 574
"../../../../../../Users/elkar/OneDrive/Desktop/unreal games/Devastation/Content/Devastation/Maps/map7.umap" 575
"../../../../../../Users/elkar/OneDrive/Desktop/unreal games/Devastation/Content/Devastation/HUD/end.uasset" 576
"../../../../../../Users/elkar/OneDrive/Desktop/unreal games/Devastation/Content/Devastation/HUD/text10.uasset" 577
"../../../../../../Users/elkar/OneDrive/Desktop/unreal games/Devastation/Content/Devastation/HUD/text12.uasset" 578
"../../../../../../Users/elkar/OneDrive/Desktop/unreal games/Devastation/Content/Devastation/Maps/Map8.umap" 579
